  game.cpp
E:\tmp\repos\devilDice-main\devil's_dice_client\devil's_dive_client\game.cpp(6,46): warning C4244: аргумент: преобразование "const int" в "T", возможна потеря данных
          with
          [
              T=float
          ]
E:\tmp\repos\devilDice-main\devil's_dice_client\devil's_dive_client\game.cpp(6,36): warning C4244: аргумент: преобразование "const int" в "T", возможна потеря данных
          with
          [
              T=float
          ]
E:\tmp\repos\devilDice-main\devil's_dice_client\devil's_dive_client\game.cpp(7,47): warning C4244: аргумент: преобразование "const int" в "T", возможна потеря данных
          with
          [
              T=float
          ]
E:\tmp\repos\devilDice-main\devil's_dice_client\devil's_dive_client\game.cpp(7,37): warning C4244: аргумент: преобразование "const int" в "T", возможна потеря данных
          with
          [
              T=float
          ]
E:\tmp\repos\devilDice-main\devil's_dice_client\devil's_dive_client\game.cpp(9,52): warning C4244: аргумент: преобразование "const int" в "T", возможна потеря данных
          with
          [
              T=float
          ]
E:\tmp\repos\devilDice-main\devil's_dice_client\devil's_dive_client\game.cpp(9,41): warning C4244: аргумент: преобразование "const int" в "T", возможна потеря данных
          with
          [
              T=float
          ]
E:\tmp\repos\devilDice-main\devil's_dice_client\devil's_dive_client\game.cpp(10,53): warning C4244: аргумент: преобразование "const int" в "T", возможна потеря данных
          with
          [
              T=float
          ]
E:\tmp\repos\devilDice-main\devil's_dice_client\devil's_dive_client\game.cpp(10,42): warning C4244: аргумент: преобразование "const int" в "T", возможна потеря данных
          with
          [
              T=float
          ]
E:\tmp\repos\devilDice-main\devil's_dice_client\devil's_dive_client\game.cpp(264,20): warning C4018: <: несоответствие типов со знаком и без знака
E:\tmp\repos\devilDice-main\devil's_dice_client\devil's_dive_client\game.cpp(295,47): warning C4244: аргумент: преобразование "int" в "T", возможна потеря данных
          with
          [
              T=float
          ]
E:\tmp\repos\devilDice-main\devil's_dice_client\devil's_dive_client\game.cpp(300,46): warning C4244: аргумент: преобразование "int" в "T", возможна потеря данных
          with
          [
              T=float
          ]
E:\tmp\repos\devilDice-main\devil's_dice_client\devil's_dive_client\game.cpp(303,47): warning C4244: аргумент: преобразование "int" в "T", возможна потеря данных
          with
          [
              T=float
          ]
E:\tmp\repos\devilDice-main\devil's_dice_client\devil's_dive_client\game.cpp(336,54): warning C4244: аргумент: преобразование "int" в "T", возможна потеря данных
          with
          [
              T=float
          ]
E:\tmp\repos\devilDice-main\devil's_dice_client\devil's_dive_client\game.cpp(340,83): warning C4244: аргумент: преобразование "int" в "T", возможна потеря данных
          with
          [
              T=float
          ]
E:\tmp\repos\devilDice-main\devil's_dice_client\devil's_dive_client\game.cpp(340,51): warning C4244: аргумент: преобразование "int" в "T", возможна потеря данных
          with
          [
              T=float
          ]
E:\tmp\repos\devilDice-main\devil's_dice_client\devil's_dive_client\game.cpp(343,77): warning C4244: аргумент: преобразование "int" в "T", возможна потеря данных
          with
          [
              T=float
          ]
E:\tmp\repos\devilDice-main\devil's_dice_client\devil's_dive_client\game.cpp(343,45): warning C4244: аргумент: преобразование "int" в "T", возможна потеря данных
          with
          [
              T=float
          ]
E:\tmp\repos\devilDice-main\devil's_dice_client\devil's_dive_client\game.cpp(347,84): warning C4244: аргумент: преобразование "int" в "T", возможна потеря данных
          with
          [
              T=float
          ]
E:\tmp\repos\devilDice-main\devil's_dice_client\devil's_dive_client\game.cpp(347,52): warning C4244: аргумент: преобразование "int" в "T", возможна потеря данных
          with
          [
              T=float
          ]
E:\tmp\repos\devilDice-main\devil's_dice_client\devil's_dive_client\game.cpp(353,78): warning C4244: аргумент: преобразование "int" в "T", возможна потеря данных
          with
          [
              T=float
          ]
E:\tmp\repos\devilDice-main\devil's_dice_client\devil's_dive_client\game.cpp(353,46): warning C4244: аргумент: преобразование "int" в "T", возможна потеря данных
          with
          [
              T=float
          ]
E:\tmp\repos\devilDice-main\devil's_dice_client\devil's_dive_client\game.cpp(370,72): warning C4244: аргумент: преобразование "int" в "T", возможна потеря данных
          with
          [
              T=float
          ]
E:\tmp\repos\devilDice-main\devil's_dice_client\devil's_dive_client\game.cpp(375,76): warning C4244: аргумент: преобразование "int" в "T", возможна потеря данных
          with
          [
              T=float
          ]
E:\tmp\repos\devilDice-main\devil's_dice_client\devil's_dive_client\game.cpp(381,76): warning C4244: аргумент: преобразование "int" в "T", возможна потеря данных
          with
          [
              T=float
          ]
  Создание кода
  3 of 159 functions ( 1.9%) were compiled, the rest were copied from previous compilation.
    0 functions were new in current compilation
    1 functions had inline decision re-evaluated but remain unchanged
  Создание кода завершено
  devil's_dive_client.vcxproj -> E:\tmp\repos\devilDice-main\devil's_dice_client\Release\devil's_dive_client.exe
